<?xml version="1.0" encoding="UTF-8"?>
<!-- Generated by org.testng.reporters.JUnitReportReporter -->
<testsuite hostname="Ktex03" failures="0" tests="1" name="com.project.qa.testcases.LoginPageTest" time="4.358" errors="0" timestamp="2022-06-10T12:54:53 EDT" skipped="0">
  <testcase classname="com.project.qa.testcases.LoginPageTest" name="loginPageTitleTest" time="4.358"/>
  <system-out/>
</testsuite> <!-- com.project.qa.testcases.LoginPageTest -->
