<?xml version="1.0" encoding="UTF-8"?>
<!-- Generated by org.testng.reporters.JUnitReportReporter -->
<testsuite hostname="Ktex03" failures="0" tests="5" name="com.project.qa.testcases.HomePageTest" time="38.806" errors="0" timestamp="2022-06-25T21:01:11 EDT" skipped="0">
  <testcase classname="com.project.qa.testcases.HomePageTest" name="homePageTitle" time="6.575"/>
  <system-out/>
  <testcase classname="com.project.qa.testcases.HomePageTest" name="verifyUserNameTest" time="7.360"/>
  <system-out/>
  <testcase classname="com.project.qa.testcases.HomePageTest" name="verifyTaskslinkTest" time="9.779"/>
  <system-out/>
  <testcase classname="com.project.qa.testcases.HomePageTest" name="verifyContactslinkTest" time="8.079"/>
  <system-out/>
  <testcase classname="com.project.qa.testcases.HomePageTest" name="verifyDealsslinkTest" time="7.013"/>
  <system-out/>
</testsuite> <!-- com.project.qa.testcases.HomePageTest -->
