<?xml version="1.0" encoding="UTF-8"?>
<!-- Generated by org.testng.reporters.JUnitReportReporter -->
<testsuite hostname="Ktex03" failures="0" tests="7" name="com.project.qa.testcases.ContactsPageTest" time="80.217" errors="0" timestamp="2022-06-10T10:29:52 EDT" skipped="0">
  <testcase classname="com.project.qa.testcases.ContactsPageTest" name="verifyContactsPageLable" time="10.442"/>
  <system-out/>
  <testcase classname="com.project.qa.testcases.ContactsPageTest" name="selectSingleContactTest" time="10.459"/>
  <system-out/>
  <testcase classname="com.project.qa.testcases.ContactsPageTest" name="selectMultipleContactList" time="9.999"/>
  <system-out/>
  <testcase classname="com.project.qa.testcases.ContactsPageTest" name="validateCreateContact" time="12.084"/>
  <system-out/>
  <testcase classname="com.project.qa.testcases.ContactsPageTest" name="validateCreateContact" time="12.352"/>
  <system-out/>
  <testcase classname="com.project.qa.testcases.ContactsPageTest" name="validateCreateContact" time="12.187"/>
  <system-out/>
  <testcase classname="com.project.qa.testcases.ContactsPageTest" name="validateCreateContact" time="12.694"/>
  <system-out/>
</testsuite> <!-- com.project.qa.testcases.ContactsPageTest -->
