<?xml version="1.0" encoding="UTF-8"?>
<!-- Generated by org.testng.reporters.JUnitReportReporter -->
<testsuite hostname="Ktex03" failures="0" tests="3" name="com.project.qa.testcases.LoginPageTest" time="11.246" errors="0" timestamp="2022-06-11T12:24:32 EDT" skipped="0">
  <testcase classname="com.project.qa.testcases.LoginPageTest" name="loginPageTitleTest" time="2.562"/>
  <system-out/>
  <testcase classname="com.project.qa.testcases.LoginPageTest" name="crmLogoImgTest" time="2.651"/>
  <system-out/>
  <testcase classname="com.project.qa.testcases.LoginPageTest" name="loginTest" time="6.033"/>
  <system-out/>
</testsuite> <!-- com.project.qa.testcases.LoginPageTest -->
