<?xml version="1.0" encoding="UTF-8"?>
<!-- Generated by org.testng.reporters.JUnitReportReporter -->
<testsuite hostname="Ktex03" failures="0" tests="7" name="com.project.qa.testcases.ContactsPageTest" time="74.061" errors="0" timestamp="2022-06-11T12:24:32 EDT" skipped="0">
  <testcase classname="com.project.qa.testcases.ContactsPageTest" name="verifyContactsPageLable" time="8.727"/>
  <system-out/>
  <testcase classname="com.project.qa.testcases.ContactsPageTest" name="selectSingleContactTest" time="9.683"/>
  <system-out/>
  <testcase classname="com.project.qa.testcases.ContactsPageTest" name="selectMultipleContactList" time="12.644"/>
  <system-out/>
  <testcase classname="com.project.qa.testcases.ContactsPageTest" name="validateCreateContact" time="10.605"/>
  <system-out/>
  <testcase classname="com.project.qa.testcases.ContactsPageTest" name="validateCreateContact" time="10.715"/>
  <system-out/>
  <testcase classname="com.project.qa.testcases.ContactsPageTest" name="validateCreateContact" time="11.122"/>
  <system-out/>
  <testcase classname="com.project.qa.testcases.ContactsPageTest" name="validateCreateContact" time="10.565"/>
  <system-out/>
</testsuite> <!-- com.project.qa.testcases.ContactsPageTest -->
